0 info it worked if it ends with ok
1 verbose cli [ 'C:\\Program Files\\nodejs\\node.exe',
1 verbose cli   'C:\\Program Files\\nodejs\\node_modules\\npm\\bin\\npm-cli.js',
1 verbose cli   'run',
1 verbose cli   'build-ts' ]
2 info using npm@3.10.8
3 info using node@v6.9.1
4 verbose run-script [ 'prebuild-ts', 'build-ts', 'postbuild-ts' ]
5 info lifecycle smxnode@1.0.0~prebuild-ts: smxnode@1.0.0
6 silly lifecycle smxnode@1.0.0~prebuild-ts: no script for prebuild-ts, continuing
7 info lifecycle smxnode@1.0.0~build-ts: smxnode@1.0.0
8 verbose lifecycle smxnode@1.0.0~build-ts: unsafe-perm in lifecycle true
9 verbose lifecycle smxnode@1.0.0~build-ts: PATH: C:\Program Files\nodejs\node_modules\npm\bin\node-gyp-bin;E:\programming\SMXNode\node_modules\.bin;C:\Program Files\Oculus\Support\oculus-runtime;C:\Windows\system32;C:\Windows;C:\Windows\System32\Wbem;C:\Windows\System32\WindowsPowerShell\v1.0\;C:\Users\katan\.dnx\bin;C:\Program Files\Microsoft DNX\Dnvm\;C:\Program Files\Microsoft SQL Server\130\Tools\Binn\;C:\Program Files\Git\cmd;C:\Program Files (x86)\EaseUS\Todo Backup\bin;C:\Program Files (x86)\NVIDIA Corporation\PhysX\Common;C:\Program Files (x86)\QuickTime\QTSystem\;C:\WINDOWS\system32;C:\WINDOWS;C:\WINDOWS\System32\Wbem;C:\WINDOWS\System32\WindowsPowerShell\v1.0\;C:\Program Files\nodejs\;C:\Program Files (x86)\Windows Kits\10\Windows Performance Toolkit\;C:\Program Files (x86)\GtkSharp\2.12\bin;%SystemRoot%\system32;%SystemRoot%;%SystemRoot%\System32\Wbem;%SYSTEMROOT%\System32\WindowsPowerShell\v1.0\;E:\programming\cmdmp3;E:\programming\ffmpeg-20150210-git-078be09-win32-static\bin;C:\Users\katan\AppData\Local\Microsoft\WindowsApps;C:\Users\katan\AppData\Roaming\npm;C:\Users\katan\AppData\Roaming\itch\bin;C:\Program Files\Microsoft VS Code\bin
10 verbose lifecycle smxnode@1.0.0~build-ts: CWD: E:\programming\SMXNode
11 silly lifecycle smxnode@1.0.0~build-ts: Args: [ '/d /s /c', 'tsc' ]
12 silly lifecycle smxnode@1.0.0~build-ts: Returned: code: 2  signal: null
13 info lifecycle smxnode@1.0.0~build-ts: Failed to exec build-ts script
14 verbose stack Error: smxnode@1.0.0 build-ts: `tsc`
14 verbose stack Exit status 2
14 verbose stack     at EventEmitter.<anonymous> (C:\Program Files\nodejs\node_modules\npm\lib\utils\lifecycle.js:255:16)
14 verbose stack     at emitTwo (events.js:106:13)
14 verbose stack     at EventEmitter.emit (events.js:191:7)
14 verbose stack     at ChildProcess.<anonymous> (C:\Program Files\nodejs\node_modules\npm\lib\utils\spawn.js:40:14)
14 verbose stack     at emitTwo (events.js:106:13)
14 verbose stack     at ChildProcess.emit (events.js:191:7)
14 verbose stack     at maybeClose (internal/child_process.js:877:16)
14 verbose stack     at Process.ChildProcess._handle.onexit (internal/child_process.js:226:5)
15 verbose pkgid smxnode@1.0.0
16 verbose cwd E:\programming\SMXNode
17 error Windows_NT 10.0.15063
18 error argv "C:\\Program Files\\nodejs\\node.exe" "C:\\Program Files\\nodejs\\node_modules\\npm\\bin\\npm-cli.js" "run" "build-ts"
19 error node v6.9.1
20 error npm  v3.10.8
21 error code ELIFECYCLE
22 error smxnode@1.0.0 build-ts: `tsc`
22 error Exit status 2
23 error Failed at the smxnode@1.0.0 build-ts script 'tsc'.
23 error Make sure you have the latest version of node.js and npm installed.
23 error If you do, this is most likely a problem with the smxnode package,
23 error not with npm itself.
23 error Tell the author that this fails on your system:
23 error     tsc
23 error You can get information on how to open an issue for this project with:
23 error     npm bugs smxnode
23 error Or if that isn't available, you can get their info via:
23 error     npm owner ls smxnode
23 error There is likely additional logging output above.
24 verbose exit [ 1, true ]
